
Jan 15, 2020 19:49:35.93 NEW SESSION
Jan 15, 2020 19:49:35.93 [30124:30124:0115/194935.927556:ERROR:sandbox_linux.cc(369)] InitializeSandbox() called with multiple threads in process gpu-process.
Jan 15, 2020 19:49:46.26 [30124:30124:0115/194946.267370:ERROR:shared_image_manager.cc(191)] SharedImageManager::ProduceSkia: Trying to Produce a Skia representation from a non-existent mailbox.
Jan 15, 2020 19:49:46.26 [30124:30124:0115/194946.268109:ERROR:shared_image_manager.cc(191)] SharedImageManager::ProduceSkia: Trying to Produce a Skia representation from a non-existent mailbox.
Jan 15, 2020 19:49:46.26 [30124:30124:0115/194946.268697:ERROR:shared_image_manager.cc(191)] SharedImageManager::ProduceSkia: Trying to Produce a Skia representation from a non-existent mailbox.
Jan 15, 2020 19:49:46.26 [30124:30124:0115/194946.269243:ERROR:shared_image_manager.cc(191)] SharedImageManager::ProduceSkia: Trying to Produce a Skia representation from a non-existent mailbox.
Jan 15, 2020 19:49:46.27 [30124:30124:0115/194946.269803:ERROR:shared_image_manager.cc(191)] SharedImageManager::ProduceSkia: Trying to Produce a Skia representation from a non-existent mailbox.
Jan 15, 2020 19:49:46.27 [30124:30124:0115/194946.270339:ERROR:shared_image_manager.cc(191)] SharedImageManager::ProduceSkia: Trying to Produce a Skia representation from a non-existent mailbox.
Jan 15, 2020 19:49:46.27 [30124:30124:0115/194946.270962:ERROR:shared_image_manager.cc(191)] SharedImageManager::ProduceSkia: Trying to Produce a Skia representation from a non-existent mailbox.
Jan 15, 2020 19:49:46.27 [30124:30124:0115/194946.271534:ERROR:shared_image_manager.cc(191)] SharedImageManager::ProduceSkia: Trying to Produce a Skia representation from a non-existent mailbox.
Jan 15, 2020 19:49:46.27 [30124:30124:0115/194946.272125:ERROR:shared_image_manager.cc(191)] SharedImageManager::ProduceSkia: Trying to Produce a Skia representation from a non-existent mailbox.
Jan 15, 2020 19:49:46.27 [30124:30124:0115/194946.272714:ERROR:shared_image_manager.cc(191)] SharedImageManager::ProduceSkia: Trying to Produce a Skia representation from a non-existent mailbox.
Jan 15, 2020 19:49:46.27 [30124:30124:0115/194946.273459:ERROR:shared_image_manager.cc(191)] SharedImageManager::ProduceSkia: Trying to Produce a Skia representation from a non-existent mailbox.
Jan 15, 2020 19:49:55.94 [30086:30109:0115/194955.944423:ERROR:connection_factory_impl.cc(417)] Failed to connect to MCS endpoint with error -130
Jan 15, 2020 19:50:16.83 [30086:30109:0115/195016.837263:ERROR:connection_factory_impl.cc(417)] Failed to connect to MCS endpoint with error -130
Jan 15, 2020 19:51:09.96 [30086:30109:0115/195109.968709:ERROR:connection_factory_impl.cc(417)] Failed to connect to MCS endpoint with error -130
Jan 15, 2020 19:52:45.47 [30086:30109:0115/195245.479451:ERROR:connection_factory_impl.cc(417)] Failed to connect to MCS endpoint with error -130
Jan 15, 2020 19:56:15.66 Opening in existing browser session.
Jan 15, 2020 19:56:34.28 [30086:30109:0115/195634.282728:ERROR:connection_factory_impl.cc(417)] Failed to connect to MCS endpoint with error -130
Jan 15, 2020 19:59:27.30 [30086:30086:0115/195927.206059:ERROR:gcm_channel_status_request.cc(145)] GCM channel request failed.
Jan 15, 2020 19:59:49.85 [30086:30086:0115/195949.854100:ERROR:gcm_channel_status_request.cc(145)] GCM channel request failed.
Jan 15, 2020 20:00:44.17 [30086:30086:0115/200044.179375:ERROR:gcm_channel_status_request.cc(145)] GCM channel request failed.
Jan 15, 2020 20:02:20.65 [30086:30109:0115/200220.656983:ERROR:connection_factory_impl.cc(417)] Failed to connect to MCS endpoint with error -130
Jan 15, 2020 20:02:23.29 [30086:30086:0115/200223.290031:ERROR:gcm_channel_status_request.cc(145)] GCM channel request failed.
Jan 15, 2020 20:03:21.33 Opening in existing browser session.
Jan 15, 2020 20:06:07.10 [30086:30086:0115/200607.105905:ERROR:gcm_channel_status_request.cc(145)] GCM channel request failed.
Jan 15, 2020 20:54:57.37 [30086:30109:0115/205457.377219:ERROR:connection_factory_impl.cc(417)] Failed to connect to MCS endpoint with error -130
Jan 15, 2020 20:55:05.63 [30086:30086:0115/205505.637402:ERROR:gcm_channel_status_request.cc(145)] GCM channel request failed.

Jan 16, 2020 12:07:35.49 NEW SESSION
Jan 16, 2020 12:07:35.49 [8003:8003:0116/120735.495226:ERROR:sandbox_linux.cc(369)] InitializeSandbox() called with multiple threads in process gpu-process.
Jan 16, 2020 12:08:12.25 [7964:7985:0116/120812.253634:ERROR:connection_factory_impl.cc(417)] Failed to connect to MCS endpoint with error -111
Jan 16, 2020 12:09:04.97 [7964:7985:0116/120904.976798:ERROR:connection_factory_impl.cc(417)] Failed to connect to MCS endpoint with error -111
Jan 16, 2020 12:09:58.71 [7964:7964:0116/120958.714884:ERROR:gcm_channel_status_request.cc(145)] GCM channel request failed.
Jan 16, 2020 12:10:28.11 [7964:7985:0116/121028.117147:ERROR:connection_factory_impl.cc(417)] Failed to connect to MCS endpoint with error -111
Jan 16, 2020 12:10:55.50 [7964:7964:0116/121055.504267:ERROR:gcm_channel_status_request.cc(145)] GCM channel request failed.
Jan 16, 2020 12:12:05.47 [7964:7964:0116/121205.473160:ERROR:gcm_channel_status_request.cc(145)] GCM channel request failed.
Jan 16, 2020 12:12:50.06 [7964:7985:0116/121250.066430:ERROR:connection_factory_impl.cc(417)] Failed to connect to MCS endpoint with error -111
Jan 16, 2020 12:14:24.39 [7964:7964:0116/121424.398432:ERROR:gcm_channel_status_request.cc(145)] GCM channel request failed.
Jan 16, 2020 12:16:21.99 [7964:7985:0116/121621.990236:ERROR:connection_factory_impl.cc(417)] Failed to connect to MCS endpoint with error -111
Jan 16, 2020 12:18:13.52 [7964:7964:0116/121813.520705:ERROR:gcm_channel_status_request.cc(145)] GCM channel request failed.
Jan 16, 2020 12:22:25.99 [7964:7985:0116/122225.991553:ERROR:connection_factory_impl.cc(417)] Failed to connect to MCS endpoint with error -111
Jan 16, 2020 12:22:40.94 Opening in existing browser session.
Jan 16, 2020 12:25:47.77 [7964:7964:0116/122547.776671:ERROR:gcm_channel_status_request.cc(145)] GCM channel request failed.
Jan 16, 2020 12:32:51.61 [7964:7985:0116/123251.611800:ERROR:connection_factory_impl.cc(417)] Failed to connect to MCS endpoint with error -111
Jan 16, 2020 12:35:10.75 [9519:9519:0116/123510.753829:ERROR:sandbox_linux.cc(369)] InitializeSandbox() called with multiple threads in process gpu-process.
Jan 16, 2020 12:35:23.90 [9482:9482:0116/123523.903108:ERROR:CONSOLE(3)] "Not allowed to load local resource: chrome://resources/css/text_defaults.css", source: chrome-extension://ahjaciijnoiaklcomgnblndopackapon/scope_approval_dialog.html (3)
Jan 16, 2020 12:35:44.00 [9482:9502:0116/123544.002459:ERROR:connection_factory_impl.cc(417)] Failed to connect to MCS endpoint with error -111
Jan 16, 2020 12:35:50.08 Fontconfig error: Cannot load default config file
Jan 16, 2020 12:36:37.74 [9482:9502:0116/123637.747241:ERROR:connection_factory_impl.cc(417)] Failed to connect to MCS endpoint with error -111
Jan 16, 2020 12:38:00.86 [9482:9502:0116/123800.869001:ERROR:connection_factory_impl.cc(417)] Failed to connect to MCS endpoint with error -111
Jan 16, 2020 12:39:47.35 [9482:9502:0116/123947.351404:ERROR:connection_factory_impl.cc(417)] Failed to connect to MCS endpoint with error -111
Jan 16, 2020 12:43:21.30 [9482:9502:0116/124321.301090:ERROR:connection_factory_impl.cc(417)] Failed to connect to MCS endpoint with error -111
Jan 16, 2020 12:45:29.04 [9482:9482:0116/124529.040854:ERROR:gcm_channel_status_request.cc(145)] GCM channel request failed.
Jan 16, 2020 12:46:17.71 [9482:9482:0116/124617.718035:ERROR:gcm_channel_status_request.cc(145)] GCM channel request failed.
Jan 16, 2020 12:47:24.63 [9482:9482:0116/124724.630461:ERROR:gcm_channel_status_request.cc(145)] GCM channel request failed.
Jan 16, 2020 12:49:19.20 [9482:9482:0116/124919.204120:ERROR:gcm_channel_status_request.cc(145)] GCM channel request failed.
Jan 16, 2020 12:50:05.85 [9482:9502:0116/125005.854489:ERROR:connection_factory_impl.cc(417)] Failed to connect to MCS endpoint with error -111
Jan 16, 2020 13:01:06.55 [9482:9502:0116/130106.557912:ERROR:socket_stream.cc(218)] Closing stream with result -2
Jan 16, 2020 13:02:07.48 [9482:9502:0116/130207.486856:ERROR:socket_stream.cc(218)] Closing stream with result -2
Jan 16, 2020 13:03:11.27 [9482:9502:0116/130311.279127:ERROR:socket_stream.cc(218)] Closing stream with result -2
Jan 16, 2020 13:04:12.11 [9482:9502:0116/130412.112790:ERROR:socket_stream.cc(218)] Closing stream with result -2
Jan 16, 2020 13:05:12.94 [9482:9502:0116/130512.947459:ERROR:socket_stream.cc(218)] Closing stream with result -2
Jan 16, 2020 13:06:14.79 [9482:9502:0116/130614.797555:ERROR:socket_stream.cc(218)] Closing stream with result -2
Jan 16, 2020 13:07:15.70 [9482:9502:0116/130715.706737:ERROR:socket_stream.cc(218)] Closing stream with result -2
Jan 16, 2020 13:08:16.47 [9482:9502:0116/130816.473829:ERROR:socket_stream.cc(218)] Closing stream with result -2
Jan 16, 2020 13:09:17.36 [9482:9502:0116/130917.362739:ERROR:socket_stream.cc(218)] Closing stream with result -2
Jan 16, 2020 13:10:18.14 [9482:9502:0116/131018.147612:ERROR:socket_stream.cc(218)] Closing stream with result -2
Jan 16, 2020 13:11:18.98 [9482:9502:0116/131118.985457:ERROR:socket_stream.cc(218)] Closing stream with result -2
Jan 16, 2020 13:12:20.01 [9482:9502:0116/131220.012786:ERROR:socket_stream.cc(218)] Closing stream with result -2
Jan 16, 2020 13:13:23.71 [9482:9502:0116/131323.709815:ERROR:socket_stream.cc(218)] Closing stream with result -2
Jan 16, 2020 13:14:24.53 [9482:9502:0116/131424.535692:ERROR:socket_stream.cc(218)] Closing stream with result -2
Jan 16, 2020 13:15:25.37 [9482:9502:0116/131525.373261:ERROR:socket_stream.cc(218)] Closing stream with result -2
Jan 16, 2020 13:16:26.21 [9482:9502:0116/131626.216608:ERROR:socket_stream.cc(218)] Closing stream with result -2
Jan 16, 2020 13:17:27.06 [9482:9502:0116/131727.059831:ERROR:socket_stream.cc(218)] Closing stream with result -2
Jan 16, 2020 13:18:27.88 [9482:9502:0116/131827.888859:ERROR:socket_stream.cc(218)] Closing stream with result -2
Jan 16, 2020 13:33:15.62 [9482:9502:0116/133315.625980:ERROR:connection_factory_impl.cc(417)] Failed to connect to MCS endpoint with error -130
Jan 16, 2020 13:33:21.80 [9482:9502:0116/133321.808929:ERROR:connection_factory_impl.cc(417)] Failed to connect to MCS endpoint with error -130
Jan 16, 2020 13:35:32.91 [9482:9502:0116/133532.912450:ERROR:connection_factory_impl.cc(417)] Failed to connect to MCS endpoint with error -130
Jan 16, 2020 13:39:28.43 [9482:9502:0116/133928.432606:ERROR:connection_factory_impl.cc(417)] Failed to connect to MCS endpoint with error -130
Jan 16, 2020 13:44:27.44 [9482:9502:0116/134427.440721:ERROR:connection_factory_impl.cc(417)] Failed to connect to MCS endpoint with error -130
Jan 16, 2020 13:52:40.99 Fontconfig error: Cannot load default config file
Jan 16, 2020 13:52:46.61 [9482:9482:0116/135246.619387:ERROR:page_load_metrics_update_dispatcher.cc(142)] Invalid parse_stop (unset) for dom_content_loaded_event_start 2.043 s
Jan 16, 2020 13:52:49.96 [11866:1:0116/135249.964489:ERROR:child_process_sandbox_support_impl_linux.cc(81)] FontService unique font name matching request did not receive a response.
Jan 16, 2020 13:52:49.96 [11866:1:0116/135249.965373:ERROR:child_process_sandbox_support_impl_linux.cc(81)] FontService unique font name matching request did not receive a response.
Jan 16, 2020 13:52:54.86 [11865:1:0116/135254.863987:ERROR:child_process_sandbox_support_impl_linux.cc(81)] FontService unique font name matching request did not receive a response.
Jan 16, 2020 13:52:54.86 [11865:1:0116/135254.864497:ERROR:child_process_sandbox_support_impl_linux.cc(81)] FontService unique font name matching request did not receive a response.
Jan 16, 2020 13:52:54.89 [11865:1:0116/135254.893810:ERROR:child_process_sandbox_support_impl_linux.cc(81)] FontService unique font name matching request did not receive a response.
Jan 16, 2020 13:52:54.89 [11865:1:0116/135254.894183:ERROR:child_process_sandbox_support_impl_linux.cc(81)] FontService unique font name matching request did not receive a response.
Jan 16, 2020 13:52:54.96 [11865:1:0116/135254.962961:ERROR:child_process_sandbox_support_impl_linux.cc(81)] FontService unique font name matching request did not receive a response.
Jan 16, 2020 13:52:54.96 [11865:1:0116/135254.963328:ERROR:child_process_sandbox_support_impl_linux.cc(81)] FontService unique font name matching request did not receive a response.
Jan 16, 2020 13:52:55.24 [11865:1:0116/135255.242453:ERROR:child_process_sandbox_support_impl_linux.cc(81)] FontService unique font name matching request did not receive a response.
Jan 16, 2020 13:52:55.24 [11865:1:0116/135255.242680:ERROR:child_process_sandbox_support_impl_linux.cc(81)] FontService unique font name matching request did not receive a response.
Jan 16, 2020 13:52:55.24 [11865:1:0116/135255.248383:ERROR:child_process_sandbox_support_impl_linux.cc(81)] FontService unique font name matching request did not receive a response.
Jan 16, 2020 13:52:55.24 [11865:1:0116/135255.248707:ERROR:child_process_sandbox_support_impl_linux.cc(81)] FontService unique font name matching request did not receive a response.
Jan 16, 2020 13:53:30.16 [9482:9502:0116/135330.160622:ERROR:connection_factory_impl.cc(417)] Failed to connect to MCS endpoint with error -130
Jan 16, 2020 14:04:33.84 [9482:9502:0116/140433.843802:ERROR:socket_stream.cc(218)] Closing stream with result -2
Jan 16, 2020 14:05:34.68 [9482:9502:0116/140534.681342:ERROR:socket_stream.cc(218)] Closing stream with result -2
Jan 16, 2020 14:06:35.51 [9482:9502:0116/140635.517912:ERROR:socket_stream.cc(218)] Closing stream with result -2
Jan 16, 2020 14:07:36.35 [9482:9502:0116/140736.357555:ERROR:socket_stream.cc(218)] Closing stream with result -2
Jan 16, 2020 14:08:37.19 [9482:9502:0116/140837.194108:ERROR:socket_stream.cc(218)] Closing stream with result -2
Jan 16, 2020 14:09:38.03 [9482:9502:0116/140938.032459:ERROR:socket_stream.cc(218)] Closing stream with result -2
Jan 16, 2020 14:10:38.87 [9482:9502:0116/141038.872810:ERROR:socket_stream.cc(218)] Closing stream with result -2
Jan 16, 2020 14:11:39.75 [9482:9502:0116/141139.749744:ERROR:socket_stream.cc(218)] Closing stream with result -2
Jan 16, 2020 14:12:40.54 [9482:9502:0116/141240.541553:ERROR:socket_stream.cc(218)] Closing stream with result -2
Jan 16, 2020 14:13:41.38 [9482:9502:0116/141341.379910:ERROR:socket_stream.cc(218)] Closing stream with result -2
Jan 16, 2020 14:14:42.21 [9482:9502:0116/141442.215069:ERROR:socket_stream.cc(218)] Closing stream with result -2
Jan 16, 2020 15:30:55.84 [18028:18028:0116/153055.846615:ERROR:sandbox_linux.cc(369)] InitializeSandbox() called with multiple threads in process gpu-process.
Jan 16, 2020 15:32:05.60 [17993:18013:0116/153205.604046:ERROR:socket_stream.cc(218)] Closing stream with result -2
Jan 16, 2020 15:33:06.43 [17993:18013:0116/153306.435368:ERROR:socket_stream.cc(218)] Closing stream with result -2
Jan 16, 2020 15:34:07.27 [17993:18013:0116/153407.272241:ERROR:socket_stream.cc(218)] Closing stream with result -2
Jan 16, 2020 15:35:09.12 [17993:18013:0116/153509.125423:ERROR:socket_stream.cc(218)] Closing stream with result -2
Jan 16, 2020 15:36:09.96 [17993:18013:0116/153609.965492:ERROR:socket_stream.cc(218)] Closing stream with result -2
Jan 16, 2020 15:37:10.80 [17993:18013:0116/153710.807591:ERROR:socket_stream.cc(218)] Closing stream with result -2
Jan 16, 2020 15:38:11.63 [17993:18013:0116/153811.635357:ERROR:socket_stream.cc(218)] Closing stream with result -2
Jan 16, 2020 15:39:13.48 [17993:18013:0116/153913.486431:ERROR:socket_stream.cc(218)] Closing stream with result -2
Jan 16, 2020 15:40:14.37 [17993:18013:0116/154014.370801:ERROR:socket_stream.cc(218)] Closing stream with result -2
Jan 16, 2020 15:41:15.16 [17993:18013:0116/154115.160413:ERROR:socket_stream.cc(218)] Closing stream with result -2
Jan 16, 2020 15:42:16.00 [17993:18013:0116/154216.000115:ERROR:socket_stream.cc(218)] Closing stream with result -2
Jan 16, 2020 15:43:16.83 [17993:18013:0116/154316.834598:ERROR:socket_stream.cc(218)] Closing stream with result -2
Jan 16, 2020 15:44:45.86 [17993:18013:0116/154445.863288:ERROR:connection_factory_impl.cc(417)] Failed to connect to MCS endpoint with error -130
Jan 16, 2020 15:45:53.76 [17993:18013:0116/154553.765601:ERROR:socket_stream.cc(218)] Closing stream with result -2
Jan 16, 2020 15:46:54.61 [17993:18013:0116/154654.610675:ERROR:socket_stream.cc(218)] Closing stream with result -2
Jan 16, 2020 15:47:55.45 [17993:18013:0116/154755.453292:ERROR:socket_stream.cc(218)] Closing stream with result -2
Jan 16, 2020 15:48:56.35 [17993:18013:0116/154856.352158:ERROR:socket_stream.cc(218)] Closing stream with result -2
Jan 16, 2020 15:49:57.17 [17993:18013:0116/154957.173603:ERROR:socket_stream.cc(218)] Closing stream with result -2
Jan 16, 2020 15:50:57.95 [17993:18013:0116/155057.954691:ERROR:socket_stream.cc(218)] Closing stream with result -2
Jan 16, 2020 15:51:58.79 [17993:18013:0116/155158.792276:ERROR:socket_stream.cc(218)] Closing stream with result -2
Jan 16, 2020 15:52:59.62 [17993:18013:0116/155259.628114:ERROR:socket_stream.cc(218)] Closing stream with result -2
Jan 16, 2020 15:54:00.46 [17993:18013:0116/155400.463128:ERROR:socket_stream.cc(218)] Closing stream with result -2
Jan 16, 2020 15:55:01.30 [17993:18013:0116/155501.302281:ERROR:socket_stream.cc(218)] Closing stream with result -2
Jan 16, 2020 16:54:44.96 Opening in existing browser session.
Jan 16, 2020 20:38:24.01 [28694:28694:0116/203824.016201:ERROR:sandbox_linux.cc(369)] InitializeSandbox() called with multiple threads in process gpu-process.
Jan 16, 2020 20:38:24.21 Opening in existing browser session.
Jan 16, 2020 20:46:50.16 Opening in existing browser session.
Jan 16, 2020 20:47:19.64 Opening in existing browser session.
Jan 16, 2020 20:49:18.17 Opening in existing browser session.

Jan 17, 2020 10:04:21.45 NEW SESSION
Jan 17, 2020 10:04:21.45 Opening in existing browser session.
Jan 17, 2020 10:18:47.04 [10986:10986:0117/101847.049382:ERROR:sandbox_linux.cc(369)] InitializeSandbox() called with multiple threads in process gpu-process.
Jan 17, 2020 10:18:47.26 Opening in existing browser session.
Jan 17, 2020 10:21:23.89 Opening in existing browser session.
Jan 17, 2020 10:23:06.65 Opening in existing browser session.
Jan 17, 2020 11:23:25.56 Opening in existing browser session.
Jan 17, 2020 11:29:47.48 Opening in existing browser session.
Jan 17, 2020 14:49:14.16 Opening in existing browser session.
Jan 17, 2020 14:50:43.44 [19036:19036:0117/145043.447295:ERROR:sandbox_linux.cc(369)] InitializeSandbox() called with multiple threads in process gpu-process.
Jan 17, 2020 14:50:43.54 Opening in existing browser session.
Jan 17, 2020 14:55:10.95 [19355:19355:0117/145510.956569:ERROR:sandbox_linux.cc(369)] InitializeSandbox() called with multiple threads in process gpu-process.
Jan 17, 2020 14:55:11.09 Opening in existing browser session.
Jan 17, 2020 14:56:01.65 Opening in existing browser session.
Jan 17, 2020 14:56:37.85 [19687:19687:0117/145637.855159:ERROR:sandbox_linux.cc(369)] InitializeSandbox() called with multiple threads in process gpu-process.
Jan 17, 2020 14:56:38.01 Opening in existing browser session.
Jan 17, 2020 15:07:53.66 Opening in existing browser session.
Jan 17, 2020 15:09:21.89 Opening in existing browser session.
Jan 17, 2020 16:45:06.55 Opening in existing browser session.
Jan 17, 2020 17:52:46.54 Opening in existing browser session.
Jan 17, 2020 18:10:19.08 Opening in existing browser session.
Jan 17, 2020 18:21:59.01 [27158:27158:0117/182159.016445:ERROR:sandbox_linux.cc(369)] InitializeSandbox() called with multiple threads in process gpu-process.
Jan 17, 2020 18:22:08.98 Opening in existing browser session.
Jan 17, 2020 18:24:01.31 Opening in existing browser session.
Jan 17, 2020 18:45:26.92 Opening in existing browser session.
Jan 17, 2020 19:33:01.06 Opening in existing browser session.
Jan 17, 2020 21:19:19.00 [662:662:0117/211919.007041:ERROR:sandbox_linux.cc(369)] InitializeSandbox() called with multiple threads in process gpu-process.
Jan 17, 2020 21:19:19.47 Opening in existing browser session.

Jan 18, 2020 11:58:16.58 NEW SESSION
Jan 18, 2020 11:58:16.58 Opening in existing browser session.
Jan 18, 2020 14:19:04.79 [11826:11826:0118/141904.792270:ERROR:sandbox_linux.cc(369)] InitializeSandbox() called with multiple threads in process gpu-process.
Jan 18, 2020 14:19:12.63 [11789:11809:0118/141912.631368:ERROR:connection_factory_impl.cc(417)] Failed to connect to MCS endpoint with error -105
Jan 18, 2020 14:19:41.29 [11789:11809:0118/141941.292714:ERROR:connection_factory_impl.cc(417)] Failed to connect to MCS endpoint with error -105
Jan 18, 2020 14:20:28.48 [11789:11809:0118/142028.488697:ERROR:connection_factory_impl.cc(417)] Failed to connect to MCS endpoint with error -105
Jan 18, 2020 14:22:16.11 [11789:11809:0118/142216.117822:ERROR:connection_factory_impl.cc(417)] Failed to connect to MCS endpoint with error -105
Jan 18, 2020 14:24:25.91 [11789:11789:0118/142425.916434:ERROR:gcm_channel_status_request.cc(145)] GCM channel request failed.
Jan 18, 2020 14:24:49.46 [11789:11789:0118/142449.462469:ERROR:gcm_channel_status_request.cc(145)] GCM channel request failed.
Jan 18, 2020 14:25:37.88 [11789:11789:0118/142537.884664:ERROR:gcm_channel_status_request.cc(145)] GCM channel request failed.
Jan 18, 2020 14:25:38.73 [11789:11809:0118/142538.735568:ERROR:connection_factory_impl.cc(417)] Failed to connect to MCS endpoint with error -105
Jan 18, 2020 14:26:49.72 Opening in existing browser session.
Jan 18, 2020 14:27:05.89 [11789:11789:0118/142705.893663:ERROR:gcm_channel_status_request.cc(145)] GCM channel request failed.
Jan 18, 2020 14:30:17.55 [11789:11789:0118/143017.558116:ERROR:gcm_channel_status_request.cc(145)] GCM channel request failed.
Jan 18, 2020 14:31:03.67 [11789:11809:0118/143103.678126:ERROR:connection_factory_impl.cc(417)] Failed to connect to MCS endpoint with error -105
Jan 18, 2020 14:33:52.32 Opening in existing browser session.
Jan 18, 2020 14:36:45.31 [11789:11789:0118/143645.317982:ERROR:gcm_channel_status_request.cc(145)] GCM channel request failed.
Jan 18, 2020 14:40:59.71 [11789:11789:0118/144059.711078:ERROR:CONSOLE(3)] "Not allowed to load local resource: chrome://resources/css/text_defaults.css", source: chrome-extension://ahjaciijnoiaklcomgnblndopackapon/scope_approval_dialog.html (3)
Jan 18, 2020 14:40:59.80 Fontconfig error: Cannot load default config file
Jan 18, 2020 14:41:03.68 [11789:11809:0118/144103.682258:ERROR:connection_factory_impl.cc(417)] Failed to connect to MCS endpoint with error -105
Jan 18, 2020 14:45:03.88 [11789:11809:0118/144503.886828:ERROR:connection_factory_impl.cc(417)] Failed to connect to MCS endpoint with error -106
Jan 18, 2020 14:45:10.66 [11789:11809:0118/144510.662833:ERROR:connection_factory_impl.cc(417)] Failed to connect to MCS endpoint with error -105
Jan 18, 2020 14:47:26.01 [11789:11789:0118/144726.012849:ERROR:gcm_channel_status_request.cc(145)] GCM channel request failed.
Jan 18, 2020 14:53:08.90 Opening in existing browser session.
Jan 18, 2020 14:55:10.66 [11789:11809:0118/145510.666655:ERROR:connection_factory_impl.cc(417)] Failed to connect to MCS endpoint with error -105
Jan 18, 2020 14:57:26.01 [11789:11789:0118/145726.018843:ERROR:gcm_channel_status_request.cc(145)] GCM channel request failed.
Jan 18, 2020 15:00:25.39 Fontconfig error: Cannot load default config file
Jan 18, 2020 15:05:10.66 [11789:11809:0118/150510.668990:ERROR:connection_factory_impl.cc(417)] Failed to connect to MCS endpoint with error -130
Jan 18, 2020 15:07:26.02 [11789:11789:0118/150726.021997:ERROR:gcm_channel_status_request.cc(145)] GCM channel request failed.
Jan 18, 2020 15:08:21.20 [14972:14972:0118/150821.205647:ERROR:sandbox_linux.cc(369)] InitializeSandbox() called with multiple threads in process gpu-process.
Jan 18, 2020 15:08:21.31 Opening in existing browser session.
Jan 18, 2020 15:11:29.03 [15346:15346:0118/151129.032231:ERROR:sandbox_linux.cc(369)] InitializeSandbox() called with multiple threads in process gpu-process.
Jan 18, 2020 15:11:29.11 Opening in existing browser session.
Jan 18, 2020 15:15:10.67 [11789:11809:0118/151510.671917:ERROR:connection_factory_impl.cc(417)] Failed to connect to MCS endpoint with error -130
Jan 18, 2020 15:17:26.02 [11789:11789:0118/151726.024606:ERROR:gcm_channel_status_request.cc(145)] GCM channel request failed.
Jan 18, 2020 15:21:17.15 [14404:1:0118/152117.149731:ERROR:child_process_sandbox_support_impl_linux.cc(81)] FontService unique font name matching request did not receive a response.
Jan 18, 2020 15:21:17.17 [14404:1:0118/152117.150772:ERROR:child_process_sandbox_support_impl_linux.cc(81)] FontService unique font name matching request did not receive a response.
Jan 18, 2020 15:21:23.51 [16069:1:0118/152123.510665:ERROR:child_process_sandbox_support_impl_linux.cc(81)] FontService unique font name matching request did not receive a response.
Jan 18, 2020 15:21:23.51 [16069:1:0118/152123.511323:ERROR:child_process_sandbox_support_impl_linux.cc(81)] FontService unique font name matching request did not receive a response.
Jan 18, 2020 15:22:00.50 [16114:1:0118/152200.501299:ERROR:child_process_sandbox_support_impl_linux.cc(81)] FontService unique font name matching request did not receive a response.
Jan 18, 2020 15:22:00.50 [16114:1:0118/152200.502573:ERROR:child_process_sandbox_support_impl_linux.cc(81)] FontService unique font name matching request did not receive a response.
Jan 18, 2020 15:22:13.97 Gtk-Message: 15:22:13.971: GtkDialog mapped without a transient parent. This is discouraged.
Jan 18, 2020 15:24:09.06 Gtk-Message: 15:24:09.068: GtkDialog mapped without a transient parent. This is discouraged.
Jan 18, 2020 15:25:07.11 Gtk-Message: 15:25:07.113: GtkDialog mapped without a transient parent. This is discouraged.
Jan 18, 2020 15:26:28.45 Gtk-Message: 15:26:28.458: GtkDialog mapped without a transient parent. This is discouraged.
Jan 18, 2020 15:31:45.05 [11830:11870:0118/153145.054581:ERROR:ssl_client_socket_impl.cc(969)] handshake failed; returned -1, SSL error code 1, net_error -101
Jan 18, 2020 15:31:45.32 [11830:11870:0118/153145.325794:ERROR:ssl_client_socket_impl.cc(969)] handshake failed; returned -1, SSL error code 1, net_error -101
Jan 18, 2020 15:32:34.26 [17219:1:0118/153234.261304:ERROR:child_process_sandbox_support_impl_linux.cc(81)] FontService unique font name matching request did not receive a response.
Jan 18, 2020 15:32:34.26 [17219:1:0118/153234.262350:ERROR:child_process_sandbox_support_impl_linux.cc(81)] FontService unique font name matching request did not receive a response.
Jan 18, 2020 15:32:34.26 [17219:1:0118/153234.263437:ERROR:child_process_sandbox_support_impl_linux.cc(81)] FontService unique font name matching request did not receive a response.
Jan 18, 2020 15:32:34.26 [17219:1:0118/153234.263968:ERROR:child_process_sandbox_support_impl_linux.cc(81)] FontService unique font name matching request did not receive a response.
Jan 18, 2020 15:33:01.96 [11830:11870:0118/153301.967703:ERROR:ssl_client_socket_impl.cc(969)] handshake failed; returned -1, SSL error code 1, net_error -101
Jan 18, 2020 15:33:54.46 [17371:1:0118/153354.465618:ERROR:child_process_sandbox_support_impl_linux.cc(81)] FontService unique font name matching request did not receive a response.
Jan 18, 2020 15:33:54.46 [17371:1:0118/153354.466277:ERROR:child_process_sandbox_support_impl_linux.cc(81)] FontService unique font name matching request did not receive a response.
Jan 18, 2020 15:35:18.94 [17410:1:0118/153518.940915:ERROR:child_process_sandbox_support_impl_linux.cc(81)] FontService unique font name matching request did not receive a response.
Jan 18, 2020 15:35:18.94 [17410:1:0118/153518.941507:ERROR:child_process_sandbox_support_impl_linux.cc(81)] FontService unique font name matching request did not receive a response.
Jan 18, 2020 15:35:31.22 [11830:11870:0118/153531.220971:ERROR:ssl_client_socket_impl.cc(969)] handshake failed; returned -1, SSL error code 1, net_error -200
Jan 18, 2020 15:35:55.40 Gtk-Message: 15:35:55.400: GtkDialog mapped without a transient parent. This is discouraged.
Jan 18, 2020 15:36:20.73 Gtk-Message: 15:36:20.731: GtkDialog mapped without a transient parent. This is discouraged.
Jan 18, 2020 15:57:38.15 [18222:1:0118/155738.153481:ERROR:child_process_sandbox_support_impl_linux.cc(81)] FontService unique font name matching request did not receive a response.
Jan 18, 2020 15:57:38.19 [18222:1:0118/155738.154880:ERROR:child_process_sandbox_support_impl_linux.cc(81)] FontService unique font name matching request did not receive a response.
Jan 18, 2020 15:57:43.16 [18221:1:0118/155743.161476:ERROR:child_process_sandbox_support_impl_linux.cc(81)] FontService unique font name matching request did not receive a response.
Jan 18, 2020 15:57:43.16 [18221:1:0118/155743.162014:ERROR:child_process_sandbox_support_impl_linux.cc(81)] FontService unique font name matching request did not receive a response.
Jan 18, 2020 16:41:42.92 [11789:11809:0118/164142.924802:ERROR:connection_factory_impl.cc(417)] Failed to connect to MCS endpoint with error -106
Jan 18, 2020 16:51:20.63 [20198:1:0118/165120.633083:ERROR:child_process_sandbox_support_impl_linux.cc(81)] FontService unique font name matching request did not receive a response.
Jan 18, 2020 16:51:20.63 [20198:1:0118/165120.633625:ERROR:child_process_sandbox_support_impl_linux.cc(81)] FontService unique font name matching request did not receive a response.
Jan 18, 2020 16:51:25.65 [20197:1:0118/165125.657833:ERROR:child_process_sandbox_support_impl_linux.cc(81)] FontService unique font name matching request did not receive a response.
Jan 18, 2020 16:51:25.65 [20197:1:0118/165125.658392:ERROR:child_process_sandbox_support_impl_linux.cc(81)] FontService unique font name matching request did not receive a response.
Jan 18, 2020 17:04:29.73 Opening in existing browser session.
Jan 18, 2020 17:20:49.59 [11789:11809:0118/172049.593568:ERROR:connection_factory_impl.cc(417)] Failed to connect to MCS endpoint with error -106

Jan 18, 2020 22:35:38.86 NEW SESSION
Jan 18, 2020 22:35:38.86 [31833:31833:0118/223538.859881:ERROR:sandbox_linux.cc(369)] InitializeSandbox() called with multiple threads in process gpu-process.
Jan 18, 2020 22:35:39.16 Opening in existing browser session.
